<?xml version="1.0" encoding="UTF-8"?>
<testng-results skipped="0" failed="0" ignored="0" total="1" passed="1">
  <reporter-output>
  </reporter-output>
  <suite name="Default suite" duration-ms="21414" started-at="2020-04-07T18:47:45Z" finished-at="2020-04-07T18:48:06Z">
    <groups>
    </groups>
    <test name="Default test" duration-ms="21414" started-at="2020-04-07T18:47:45Z" finished-at="2020-04-07T18:48:06Z">
      <class name="TestScripts.RegressionTest">
        <test-method status="PASS" signature="beforemethod()[pri:0, instance:TestScripts.RegressionTest@523884b2]" name="beforemethod" is-config="true" duration-ms="11586" started-at="2020-04-07T18:47:45Z" finished-at="2020-04-07T18:47:56Z">
          <reporter-output>
          </reporter-output>
        </test-method> <!-- beforemethod -->
        <test-method status="PASS" signature="branchdetails()[pri:0, instance:TestScripts.RegressionTest@523884b2]" name="branchdetails" duration-ms="9666" started-at="2020-04-07T18:47:56Z" finished-at="2020-04-07T18:48:06Z">
          <reporter-output>
          </reporter-output>
        </test-method> <!-- branchdetails -->
        <test-method status="PASS" signature="afterMethod()[pri:0, instance:TestScripts.RegressionTest@523884b2]" name="afterMethod" is-config="true" duration-ms="118" started-at="2020-04-07T18:48:06Z" finished-at="2020-04-07T18:48:06Z">
          <reporter-output>
          </reporter-output>
        </test-method> <!-- afterMethod -->
      </class> <!-- TestScripts.RegressionTest -->
    </test> <!-- Default test -->
  </suite> <!-- Default suite -->
</testng-results>
